#
# A fatal error has been detected by the Java Runtime Environment:
#
#  SIGBUS (0x7) at pc=0x00007f4248007787, pid=105, tid=110
#
# JRE version: OpenJDK Runtime Environment (17.0.1+12) (build 17.0.1+12-nixos)
# Java VM: OpenJDK 64-Bit Server VM (17.0.1+12-nixos, mixed mode, emulated-client, sharing, tiered, compressed oops, compressed class ptrs, serial gc, linux-amd64)
# Problematic frame:
# V  [libjvm.so+0xcb7787]  RuntimeService::record_safepoint_begin(long)+0x17
#
# Core dump will be written. Default location: Core dumps may be processed with "/usr/share/apport/apport -p%p -s%s -c%c -d%d -P%P -u%u -g%g -- %E" (or dumping to /home/runner/radoslaw-sawicki-backend-react-notesapp/core.105)
#
# If you would like to submit a bug report, please visit:
#   https://bugreport.java.com/bugreport/crash.jsp
#

---------------  S U M M A R Y ------------

Command Line: -XX:TieredStopAtLevel=1 -Dfile.encoding=UTF-8 -Duser.country=US -Duser.language=en -Duser.variant com.radoslawsawicki.backendreactnotesapp.BackendReactNotesApplication

Host: AMD EPYC 7B12, 4 cores, 1G, Ubuntu 20.04.2 LTS
Time: Mon Oct 30 00:15:08 2023 UTC elapsed time: 3252.867004 seconds (0d 0h 54m 12s)

---------------  T H R E A D  ---------------

Current thread (0x00007f424004a6e0):  VMThread "VM Thread" [stack: 0x00007f424622c000,0x00007f424632c000] [id=110]

Stack: [0x00007f424622c000,0x00007f424632c000],  sp=0x00007f424632a9c8,  free space=1018k
Native frames: (J=compiled Java code, j=interpreted, Vv=VM code, C=native code)
V  [libjvm.so+0xcb7787]  RuntimeService::record_safepoint_begin(long)+0x17
V  [libjvm.so+0xedcc45]  VMThread::inner_execute(VM_Operation*)+0x1a5
V  [libjvm.so+0xedcf5f]  VMThread::run()+0xbf
V  [libjvm.so+0xe5952e]  Thread::call_run()+0xde
V  [libjvm.so+0xc11761]  thread_native_entry(Thread*)+0xe1


siginfo: si_signo: 7 (SIGBUS), si_code: 2 (BUS_ADRERR), si_addr: 0x00007f4246eec380

Register to memory mapping:

RAX=0x00007f4246eec380 points into unknown readable memory: 0x0000000000000126 | 26 01 00 00 00 00 00 00
RBX=0x00007f4248634400: <offset 0x00000000012e4400> in /nix/store/h7q3vyh4x4hid188m94j9dy6hcaxr6vn-openjdk-headless-17.0.1+12/lib/openjdk/lib/server/libjvm.so at 0x00007f4247350000
RCX=0x0 is NULL
RDX=0x0 is NULL
RSP=0x00007f424632a9c8 points into unknown readable memory: 0x00007f42480096fe | fe 96 00 48 42 7f 00 00
RBP=0x00007f424632aaa0 points into unknown readable memory: 0x00007f424632ad50 | 50 ad 32 46 42 7f 00 00
RSI=0x0 is NULL
RDI=0x0000000254167995 is an unknown value
R8 =0x0 is NULL
R9 =0x0 is NULL
R10=0x0 is NULL
R11=0x0 is NULL
R12=0x00007f424632ab00 points into unknown readable memory: 0x00007f424822d230 | 30 d2 22 48 42 7f 00 00
R13=0x0 is NULL
R14=0x00007f424004a6e0 points into unknown readable memory: 0x00007f42485e40d8 | d8 40 5e 48 42 7f 00 00
R15=0x00007f424632aac0 points into unknown readable memory: 0x00007f424004a6e0 | e0 a6 04 40 42 7f 00 00


Registers:
RAX=0x00007f4246eec380, RBX=0x00007f4248634400, RCX=0x0000000000000000, RDX=0x0000000000000000
RSP=0x00007f424632a9c8, RBP=0x00007f424632aaa0, RSI=0x0000000000000000, RDI=0x0000000254167995
R8 =0x0000000000000000, R9 =0x0000000000000000, R10=0x0000000000000000, R11=0x0000000000000000
R12=0x00007f424632ab00, R13=0x0000000000000000, R14=0x00007f424004a6e0, R15=0x00007f424632aac0
RIP=0x00007f4248007787, EFLAGS=0x0000000000010202, CSGSFS=0x002b000000000033, ERR=0x0000000000000007
  TRAPNO=0x000000000000000e

Top of Stack: (sp=0x00007f424632a9c8)
0x00007f424632a9c8:   00007f42480096fe 00007f424632aab0
0x00007f424632a9d8:   00007f424632a9e0 00007f424632ab10
0x00007f424632a9e8:   00007f424822d230 00007f42483211b4
0x00007f424632a9f8:   00007f424833f3f7 0000000000000000 

Instructions: (pc=0x00007f4248007787)
0x00007f4248007687:   95 a0 f9 ff 49 83 7c 24 08 00 48 89 05 d0 58 64
0x00007f4248007697:   00 75 c8 31 c9 4d 89 e0 ba 03 00 00 00 bf 0e 00
0x00007f42480076a7:   00 00 48 8d 35 0e fe 32 00 e8 6b a0 f9 ff 49 83
0x00007f42480076b7:   7c 24 08 00 48 89 05 9e 58 64 00 75 9e 31 c9 4d
0x00007f42480076c7:   89 e0 ba 03 00 00 00 bf 0e 00 00 00 48 8d 35 f2
0x00007f42480076d7:   fd 32 00 e8 41 a0 f9 ff 49 83 7c 24 08 00 48 89
0x00007f42480076e7:   05 6c 58 64 00 0f 85 70 ff ff ff e8 c9 1d 5d ff
0x00007f42480076f7:   4d 89 e0 ba 01 00 00 00 48 8d 35 d6 fd 32 00 89
0x00007f4248007707:   c1 bf 0e 00 00 00 e8 5e 9a f9 ff 49 83 7c 24 08
0x00007f4248007717:   00 0f 85 44 ff ff ff 48 8d 55 a0 b8 30 00 00 00
0x00007f4248007727:   b9 40 00 00 00 c6 45 e0 00 48 89 d7 48 8d 35 ad
0x00007f4248007737:   fd 32 00 f3 aa 48 8d 05 26 96 62 00 4c 89 e1 c6
0x00007f4248007747:   45 a1 31 bf 0e 00 00 00 80 38 01 b8 30 00 00 00
0x00007f4248007757:   14 00 88 45 a0 e8 4f 99 f9 ff e9 fc fe ff ff e8
0x00007f4248007767:   f5 7b 59 ff 90 0f 1f 40 00 48 8d 05 09 3c 5e 00
0x00007f4248007777:   80 38 00 74 1d 48 8b 05 e5 57 64 00 48 8b 40 28
0x00007f4248007787:   48 83 00 01 48 8b 05 c6 57 64 00 48 8b 40 28 48
0x00007f4248007797:   01 38 c3 66 0f 1f